#
# There is insufficient memory for the Java Runtime Environment to continue.
# Native memory allocation (malloc) failed to allocate 32744 bytes for ChunkPool::allocate
# Possible reasons:
#   The system is out of physical RAM or swap space
#   In 32 bit mode, the process size limit was hit
# Possible solutions:
#   Reduce memory load on the system
#   Increase physical memory or swap space
#   Check if swap backing store is full
#   Use 64 bit Java on a 64 bit OS
#   Decrease Java heap size (-Xmx/-Xms)
#   Decrease number of Java threads
#   Decrease Java thread stack sizes (-Xss)
#   Set larger code cache with -XX:ReservedCodeCacheSize=
# This output file may be truncated or incomplete.
#
#  Out of Memory Error (allocation.cpp:273), pid=35012, tid=0x0000000000008a74
#
# JRE version: Java(TM) SE Runtime Environment (8.0_101-b13) (build 1.8.0_101-b13)
# Java VM: Java HotSpot(TM) 64-Bit Server VM (25.101-b13 mixed mode windows-amd64 compressed oops)
# Failed to write core dump. Minidumps are not enabled by default on client versions of Windows
#

---------------  T H R E A D  ---------------

Current thread (0x000000001534c800):  JavaThread "C2 CompilerThread1" daemon [_thread_in_native, id=35444, stack(0x0000000016d70000,0x0000000016e70000)]

Stack: [0x0000000016d70000,0x0000000016e70000]
[error occurred during error reporting (printing stack bounds), id 0xc0000005]

Native frames: (J=compiled Java code, j=interpreted, Vv=VM code, C=native code)


Current CompileTask:
C2:   8529 1571   !   4       com.android.dx.cf.code.BytecodeArray::parseInstruction (2764 bytes)


---------------  P R O C E S S  ---------------

Java Threads: ( => current thread )
  0x0000000016c44000 JavaThread "pool-2-thread-4" [_thread_in_Java, id=35664, stack(0x0000000017570000,0x0000000017670000)]
  0x0000000016c70000 JavaThread "pool-2-thread-3" [_thread_in_Java, id=35652, stack(0x0000000017470000,0x0000000017570000)]
  0x0000000016c6f000 JavaThread "pool-2-thread-2" [_thread_in_Java, id=35660, stack(0x0000000017370000,0x0000000017470000)]
  0x0000000016c6e000 JavaThread "pool-3-thread-1" [_thread_blocked, id=35056, stack(0x0000000017270000,0x0000000017370000)]
  0x0000000016c6b000 JavaThread "pool-2-thread-1" [_thread_in_vm, id=35640, stack(0x0000000017170000,0x0000000017270000)]
  0x00000000169d7800 JavaThread "Service Thread" daemon [_thread_blocked, id=23048, stack(0x0000000016f70000,0x0000000017070000)]
  0x00000000169d2000 JavaThread "C1 CompilerThread2" daemon [_thread_blocked, id=32948, stack(0x0000000016e70000,0x0000000016f70000)]
=>0x000000001534c800 JavaThread "C2 CompilerThread1" daemon [_thread_in_native, id=35444, stack(0x0000000016d70000,0x0000000016e70000)]
  0x000000001534a800 JavaThread "C2 CompilerThread0" daemon [_thread_in_native, id=35172, stack(0x0000000016870000,0x0000000016970000)]
  0x0000000015349000 JavaThread "Attach Listener" daemon [_thread_blocked, id=35156, stack(0x0000000016770000,0x0000000016870000)]
  0x0000000015348000 JavaThread "Signal Dispatcher" daemon [_thread_blocked, id=35428, stack(0x0000000016670000,0x0000000016770000)]
  0x00000000152da800 JavaThread "Finalizer" daemon [_thread_blocked, id=35244, stack(0x0000000016560000,0x0000000016660000)]
  0x0000000002c0f000 JavaThread "Reference Handler" daemon [_thread_blocked, id=14796, stack(0x0000000016460000,0x0000000016560000)]
  0x0000000002b20800 JavaThread "main" [_thread_in_Java, id=35480, stack(0x0000000002a20000,0x0000000002b20000)]

Other Threads:
  0x00000000152b7000 VMThread [stack: 0x0000000016360000,0x0000000016460000] [id=30280]
  0x00000000169f5000 WatcherThread [stack: 0x0000000017070000,0x0000000017170000] [id=35204]

VM state:not at safepoint (normal execution)

VM Mutex/Monitor currently owned by a thread: None

Heap:
 PSYoungGen      total 38400K, used 13362K [0x00000000eab00000, 0x00000000ed580000, 0x0000000100000000)
  eden space 33280K, 24% used [0x00000000eab00000,0x00000000eb313378,0x00000000ecb80000)
  from space 5120K, 99% used [0x00000000ed080000,0x00000000ed579768,0x00000000ed580000)
  to   space 5120K, 0% used [0x00000000ecb80000,0x00000000ecb80000,0x00000000ed080000)
 ParOldGen       total 87552K, used 3340K [0x00000000c0000000, 0x00000000c5580000, 0x00000000eab00000)
  object space 87552K, 3% used [0x00000000c0000000,0x00000000c0343178,0x00000000c5580000)
 Metaspace       used 6223K, capacity 7092K, committed 7296K, reserved 1056768K
  class space    used 605K, capacity 620K, committed 640K, reserved 1048576K

Card table byte_map: [0x0000000011fe0000,0x00000000121f0000] byte_map_base: 0x00000000119e0000

Marking Bits: (ParMarkBitMap*) 0x000000007756a6d0
 Begin Bits: [0x0000000012750000, 0x0000000013750000)
 End Bits:   [0x0000000013750000, 0x0000000014750000)

Polling page: 0x00000000024f0000

CodeCache: size=245760Kb used=6791Kb max_used=6791Kb free=238968Kb
 bounds [0x0000000002c20000, 0x00000000032d0000, 0x0000000011c20000]
 total_blobs=1837 nmethods=1566 adapters=184
 compilation: enabled

Compilation events (10 events):
Event: 8.438 Thread 0x00000000169d2000 1596       3       com.android.dx.ssa.back.FirstFitLocalCombiningAllocator::analyzeInstructions (16 bytes)
Event: 8.438 Thread 0x00000000169d2000 nmethod 1596 0x00000000032c6590 code [0x00000000032c6700, 0x00000000032c6a48]
Event: 8.438 Thread 0x00000000169d2000 1597       3       com.android.dx.cf.iface.StdMember::getName (8 bytes)
Event: 8.439 Thread 0x00000000169d2000 nmethod 1597 0x00000000032c6b90 code [0x00000000032c6ce0, 0x00000000032c6ed0]
Event: 8.439 Thread 0x00000000169d2000 1598       3       com.android.dx.dex.cf.OptimizerOptions::shouldOptimize (38 bytes)
Event: 8.440 Thread 0x00000000169d2000 nmethod 1598 0x00000000032c6f90 code [0x00000000032c7140, 0x00000000032c7618]
Event: 8.440 Thread 0x00000000169d2000 1599       3       java.util.EnumSet::noneOf (63 bytes)
Event: 8.442 Thread 0x00000000169d2000 nmethod 1599 0x00000000032c77d0 code [0x00000000032c7a60, 0x00000000032c8aa8]
Event: 8.442 Thread 0x00000000169d2000 1600       3       java.util.Arrays$LegacyMergeSort::access$000 (4 bytes)
Event: 8.443 Thread 0x00000000169d2000 nmethod 1600 0x00000000032c9310 code [0x00000000032c9460, 0x00000000032c9590]

GC Heap History (4 events):
Event: 4.855 GC heap before
{Heap before GC invocations=1 (full 0):
 PSYoungGen      total 38400K, used 33280K [0x00000000eab00000, 0x00000000ed580000, 0x0000000100000000)
  eden space 33280K, 100% used [0x00000000eab00000,0x00000000ecb80000,0x00000000ecb80000)
  from space 5120K, 0% used [0x00000000ed080000,0x00000000ed080000,0x00000000ed580000)
  to   space 5120K, 0% used [0x00000000ecb80000,0x00000000ecb80000,0x00000000ed080000)
 ParOldGen       total 87552K, used 0K [0x00000000c0000000, 0x00000000c5580000, 0x00000000eab00000)
  object space 87552K, 0% used [0x00000000c0000000,0x00000000c0000000,0x00000000c5580000)
 Metaspace       used 5889K, capacity 6770K, committed 7040K, reserved 1056768K
  class space    used 603K, capacity 618K, committed 640K, reserved 1048576K
Event: 4.971 GC heap after
Heap after GC invocations=1 (full 0):
 PSYoungGen      total 38400K, used 4996K [0x00000000eab00000, 0x00000000ed580000, 0x0000000100000000)
  eden space 33280K, 0% used [0x00000000eab00000,0x00000000eab00000,0x00000000ecb80000)
  from space 5120K, 97% used [0x00000000ecb80000,0x00000000ed061130,0x00000000ed080000)
  to   space 5120K, 0% used [0x00000000ed080000,0x00000000ed080000,0x00000000ed580000)
 ParOldGen       total 87552K, used 16K [0x00000000c0000000, 0x00000000c5580000, 0x00000000eab00000)
  object space 87552K, 0% used [0x00000000c0000000,0x00000000c0004000,0x00000000c5580000)
 Metaspace       used 5889K, capacity 6770K, committed 7040K, reserved 1056768K
  class space    used 603K, capacity 618K, committed 640K, reserved 1048576K
}
Event: 7.903 GC heap before
{Heap before GC invocations=2 (full 0):
 PSYoungGen      total 38400K, used 38276K [0x00000000eab00000, 0x00000000ed580000, 0x0000000100000000)
  eden space 33280K, 100% used [0x00000000eab00000,0x00000000ecb80000,0x00000000ecb80000)
  from space 5120K, 97% used [0x00000000ecb80000,0x00000000ed061130,0x00000000ed080000)
  to   space 5120K, 0% used [0x00000000ed080000,0x00000000ed080000,0x00000000ed580000)
 ParOldGen       total 87552K, used 16K [0x00000000c0000000, 0x00000000c5580000, 0x00000000eab00000)
  object space 87552K, 0% used [0x00000000c0000000,0x00000000c0004000,0x00000000c5580000)
 Metaspace       used 6198K, capacity 7028K, committed 7296K, reserved 1056768K
  class space    used 605K, capacity 620K, committed 640K, reserved 1048576K
Event: 8.312 GC heap after
Heap after GC invocations=2 (full 0):
 PSYoungGen      total 38400K, used 5093K [0x00000000eab00000, 0x00000000ed580000, 0x0000000100000000)
  eden space 33280K, 0% used [0x00000000eab00000,0x00000000eab00000,0x00000000ecb80000)
  from space 5120K, 99% used [0x00000000ed080000,0x00000000ed579768,0x00000000ed580000)
  to   space 5120K, 0% used [0x00000000ecb80000,0x00000000ecb80000,0x00000000ed080000)
 ParOldGen       total 87552K, used 3340K [0x00000000c0000000, 0x00000000c5580000, 0x00000000eab00000)
  object space 87552K, 3% used [0x00000000c0000000,0x00000000c0343178,0x00000000c5580000)
 Metaspace       used 6198K, capacity 7028K, committed 7296K, reserved 1056768K
  class space    used 605K, capacity 620K, committed 640K, reserved 1048576K
}

Deoptimization events (10 events):
Event: 7.543 Thread 0x0000000016c6f000 Uncommon trap: reason=unstable_if action=reinterpret pc=0x00000000031d8f50 method=com.android.dx.dex.code.RopToDop.dopFor(Lcom/android/dx/rop/code/Insn;)Lcom/android/dx/dex/code/Dop; @ 747
Event: 7.710 Thread 0x0000000002b20800 Uncommon trap: reason=unloaded action=reinterpret pc=0x00000000031c2e14 method=com.android.dx.cf.cst.ConstantPoolParser.parse0(ILjava/util/BitSet;)Lcom/android/dx/rop/cst/Constant; @ 198
Event: 7.726 Thread 0x0000000002b20800 Uncommon trap: reason=bimorphic action=maybe_recompile pc=0x00000000030f79dc method=com.android.dx.cf.code.BytecodeArray.parseInstruction(ILcom/android/dx/cf/code/BytecodeArray$Visitor;)I @ 955
Event: 7.726 Thread 0x0000000002b20800 Uncommon trap: reason=bimorphic action=maybe_recompile pc=0x00000000030f785c method=com.android.dx.cf.code.BytecodeArray.parseInstruction(ILcom/android/dx/cf/code/BytecodeArray$Visitor;)I @ 907
Event: 7.726 Thread 0x0000000002b20800 Uncommon trap: reason=bimorphic action=maybe_recompile pc=0x00000000030f98d0 method=com.android.dx.cf.code.BytecodeArray.parseInstruction(ILcom/android/dx/cf/code/BytecodeArray$Visitor;)I @ 1224
Event: 7.726 Thread 0x0000000002b20800 Uncommon trap: reason=bimorphic action=maybe_recompile pc=0x00000000030f78dc method=com.android.dx.cf.code.BytecodeArray.parseInstruction(ILcom/android/dx/cf/code/BytecodeArray$Visitor;)I @ 923
Event: 7.726 Thread 0x0000000002b20800 Uncommon trap: reason=bimorphic action=maybe_recompile pc=0x00000000030f98d0 method=com.android.dx.cf.code.BytecodeArray.parseInstruction(ILcom/android/dx/cf/code/BytecodeArray$Visitor;)I @ 1224
Event: 8.347 Thread 0x0000000002b20800 Uncommon trap: reason=unstable_if action=reinterpret pc=0x00000000032680a8 method=com.android.dx.cf.code.ExecutionStack.push(Lcom/android/dx/rop/type/TypeBearer;)V @ 58
Event: 8.350 Thread 0x0000000002b20800 Uncommon trap: reason=unstable_if action=reinterpret pc=0x0000000002f8a12c method=com.android.dx.rop.code.RegisterSpecSet.put(Lcom/android/dx/rop/code/RegisterSpec;)V @ 77
Event: 8.350 Thread 0x0000000002b20800 Uncommon trap: reason=unstable_if action=reinterpret pc=0x0000000002f8952c method=com.android.dx.rop.code.RegisterSpecSet.put(Lcom/android/dx/rop/code/RegisterSpec;)V @ 77

Internal exceptions (4 events):
Event: 0.064 Thread 0x0000000002b20800 Exception <a 'java/lang/NoSuchMethodError': Method sun.misc.Unsafe.defineClass(Ljava/lang/String;[BII)Ljava/lang/Class; name or signature does not match> (0x00000000eab07cc0) thrown at [C:\re\workspace\8-2-build-windows-amd64-cygwin\jdk8u101\7261\hotspot\sêE–ÔàR°?
Event: 0.064 Thread 0x0000000002b20800 Exception <a 'java/lang/NoSuchMethodError': Method sun.misc.Unsafe.prefetchRead(Ljava/lang/Object;J)V name or signature does not match> (0x00000000eab07fa8) thrown at [C:\re\workspace\8-2-build-windows-amd64-cygwin\jdk8u101\7261\hotspot\src\share\vm\prims\uÛý†@
Event: 6.632 Thread 0x0000000002b20800 Implicit null exception at 0x0000000002efd0dc to 0x0000000002eff431
Event: 7.148 Thread 0x0000000016c44000 Implicit null exception at 0x0000000002f861a2 to 0x0000000002f862a1

Events (10 events):
Event: 8.350 Thread 0x0000000002b20800 DEOPT UNPACKING pc=0x0000000002c6582a sp=0x0000000002b1e528 mode 2
Event: 8.350 Thread 0x0000000002b20800 Uncommon trap: trap_request=0xffffff65 fr.pc=0x0000000002f8952c
Event: 8.350 Thread 0x0000000002b20800 DEOPT PACKING pc=0x0000000002f8952c sp=0x0000000002b1e590
Event: 8.350 Thread 0x0000000002b20800 DEOPT UNPACKING pc=0x0000000002c6582a sp=0x0000000002b1e4b0 mode 2
Event: 8.397 Thread 0x0000000016c6b000 DEOPT PACKING pc=0x00000000032254c2 sp=0x000000001726ebb0
Event: 8.397 Thread 0x0000000016c6b000 DEOPT UNPACKING pc=0x0000000002c6787f sp=0x000000001726e918 mode 0
Event: 8.409 Thread 0x0000000016c6b000 DEOPT PACKING pc=0x00000000032254c2 sp=0x000000001726ebb0
Event: 8.409 Thread 0x0000000016c6b000 DEOPT UNPACKING pc=0x0000000002c6787f sp=0x000000001726e918 mode 0
Event: 8.438 Thread 0x0000000016c44000 DEOPT PACKING pc=0x00000000032254c2 sp=0x000000001766ea80
Event: 8.438 Thread 0x0000000016c44000 DEOPT UNPACKING pc=0x0000000002c6787f sp=0x000000001766e7e8 mode 0


Dynamic libraries:
0x00007ff72d670000 - 0x00007ff72d6a7000 	D:\Android_jdk\bin\java.exe
0x00007ffc18b80000 - 0x00007ffc18d41000 	C:\WINDOWS\SYSTEM32\ntdll.dll
0x00007ffc17980000 - 0x00007ffc17a2d000 	C:\WINDOWS\system32\KERNEL32.DLL
0x00007ffc154e0000 - 0x00007ffc156c8000 	C:\WINDOWS\system32\KERNELBASE.dll
0x00007ffc185a0000 - 0x00007ffc18647000 	C:\WINDOWS\system32\ADVAPI32.dll
0x00007ffc17770000 - 0x00007ffc1780d000 	C:\WINDOWS\system32\msvcrt.dll
0x00007ffc18b20000 - 0x00007ffc18b7b000 	C:\WINDOWS\system32\sechost.dll
0x00007ffc17dc0000 - 0x00007ffc17edc000 	C:\WINDOWS\system32\RPCRT4.dll
0x00007ffc187d0000 - 0x00007ffc18926000 	C:\WINDOWS\system32\USER32.dll
0x00007ffc18930000 - 0x00007ffc18ab6000 	C:\WINDOWS\system32\GDI32.dll
0x00007ffc09a00000 - 0x00007ffc09c74000 	C:\WINDOWS\WinSxS\amd64_microsoft.windows.common-controls_6595b64144ccf1df_6.0.10586.494_none_a2d8b04ea53e3145\COMCTL32.dll
0x00007ffc174e0000 - 0x00007ffc1775d000 	C:\WINDOWS\system32\combase.dll
0x00007ffc15d20000 - 0x00007ffc15d8a000 	C:\WINDOWS\system32\bcryptPrimitives.dll
0x00007ffc18310000 - 0x00007ffc1834b000 	C:\WINDOWS\system32\IMM32.DLL
0x0000000050090000 - 0x0000000050162000 	D:\Android_jdk\jre\bin\msvcr100.dll
0x0000000076d50000 - 0x00000000775ea000 	D:\Android_jdk\jre\bin\server\jvm.dll
0x00007ffc17a90000 - 0x00007ffc17a98000 	C:\WINDOWS\system32\PSAPI.DLL
0x00007ffc0cf20000 - 0x00007ffc0cf29000 	C:\WINDOWS\SYSTEM32\WSOCK32.dll
0x00007ffc18350000 - 0x00007ffc183bb000 	C:\WINDOWS\system32\WS2_32.dll
0x00007ffc13950000 - 0x00007ffc13973000 	C:\WINDOWS\SYSTEM32\WINMM.dll
0x00007ffc13a00000 - 0x00007ffc13a0a000 	C:\WINDOWS\SYSTEM32\VERSION.dll
0x00000000024c0000 - 0x00000000024ec000 	C:\WINDOWS\SYSTEM32\WINMMBASE.dll
0x00007ffc15230000 - 0x00007ffc15273000 	C:\WINDOWS\system32\cfgmgr32.dll
0x0000000050080000 - 0x000000005008f000 	D:\Android_jdk\jre\bin\verify.dll
0x0000000050050000 - 0x0000000050079000 	D:\Android_jdk\jre\bin\java.dll
0x0000000050030000 - 0x0000000050046000 	D:\Android_jdk\jre\bin\zip.dll
0x00007ffc15f80000 - 0x00007ffc174dc000 	C:\WINDOWS\system32\SHELL32.dll
0x00007ffc156d0000 - 0x00007ffc15d15000 	C:\WINDOWS\system32\windows.storage.dll
0x00007ffc18ac0000 - 0x00007ffc18b12000 	C:\WINDOWS\system32\shlwapi.dll
0x00007ffc151a0000 - 0x00007ffc151af000 	C:\WINDOWS\system32\kernel.appcore.dll
0x00007ffc15db0000 - 0x00007ffc15e65000 	C:\WINDOWS\system32\shcore.dll
0x00007ffc151c0000 - 0x00007ffc1520b000 	C:\WINDOWS\system32\powrprof.dll
0x00007ffc15210000 - 0x00007ffc15224000 	C:\WINDOWS\system32\profapi.dll

VM Arguments:
jvm_args: -Djava.awt.headless=true -Xmx1024M -Dfile.encoding=GBK -Duser.country=CN -Duser.language=zh -Duser.variant 
java_command: com.android.dx.command.Main --dex --force-jumbo --num-threads=4 --multi-dex --output D:\Android_studio_projects\Book_system_Client\app\build\intermediates\transforms\dex\debug\folders\1000\10\com.android.support-support-v4-24.1.1_d737c0ba8d298da61581cd11b780dbad6b50d61b D:\Android_studio_projects\Book_system_Client\app\build\intermediates\exploded-aar\com.android.support\support-v4\24.1.1\jars\classes.jar
java_class_path (initial): D:\Android_sdk\build-tools\24.0.1\lib\dx.jar
Launcher Type: SUN_STANDARD

Environment Variables:
JAVA_HOME=D:\Android_jdk
CLASSPATH=D:\Android_jdk\lib;D:\Android_jdk\lib\tools.jar
PATH=C:\ProgramData\Oracle\Java\javapath;C:\WINDOWS\system32;C:\WINDOWS;C:\WINDOWS\System32\Wbem;C:\WINDOWS\System32\WindowsPowerShell\v1.0\;C:\Program Files (x86)\ATI Technologies\ATI.ACE\Core-Static;D:\Android_jdk\bin;D:\Android_jdk\jre\bin;D:\MySQL\bin;D:\Git\cmd;D:\Android_sdk\platform-tools
USERNAME=Clyne
OS=Windows_NT
PROCESSOR_IDENTIFIER=Intel64 Family 6 Model 58 Stepping 9, GenuineIntel



---------------  S Y S T E M  ---------------

OS: Windows 10.0 , 64 bit Build 10586 (10.0.10586.0)

CPU:total 4 (2 cores per cpu, 2 threads per core) family 6 model 58 stepping 9, cmov, cx8, fxsr, mmx, sse, sse2, sse3, ssse3, sse4.1, sse4.2, popcnt, avx, aes, clmul, erms, ht, tsc, tscinvbit, tscinv

Memory: 4k page, physical 8358252k(479200k free), swap 14802380k(2056k free)

vm_info: Java HotSpot(TM) 64-Bit Server VM (25.101-b13) for windows-amd64 JRE (1.8.0_101-b13), built on Jun 22 2016 01:21:29 by "java_re" with MS VC++ 10.0 (VS2010)

time: Sun Aug 14 20:34:23 2016
elapsed time: 8 seconds (0d 0h 0m 8s)

